{"C:\\AI\\project\\package_2\\caveman\\kindergarten-management\\src\\lib\\timeout.ts": {"path":"C:\\AI\\project\\package_2\\caveman\\kindergarten-management\\src\\lib\\timeout.ts","statementMap":{"0":{"start":{"line":13,"column":2},"end":{"line":16,"column":null}},"1":{"start":{"line":14,"column":24},"end":{"line":14,"column":32}},"2":{"start":{"line":15,"column":32},"end":{"line":15,"column":78}},"3":{"start":{"line":15,"column":49},"end":{"line":15,"column":68}},"4":{"start":{"line":29,"column":2},"end":{"line":32,"column":null}},"5":{"start":{"line":30,"column":46},"end":{"line":30,"column":54}},"6":{"start":{"line":31,"column":32},"end":{"line":31,"column":78}},"7":{"start":{"line":31,"column":49},"end":{"line":31,"column":68}}},"fnMap":{"0":{"name":"withTimeout","decl":{"start":{"line":8,"column":22},"end":{"line":8,"column":null}},"loc":{"start":{"line":12,"column":14},"end":{"line":17,"column":null}},"line":12},"1":{"name":"(anonymous_1)","decl":{"start":{"line":14,"column":18},"end":{"line":14,"column":24}},"loc":{"start":{"line":14,"column":24},"end":{"line":14,"column":32}},"line":14},"2":{"name":"(anonymous_2)","decl":{"start":{"line":15,"column":19},"end":{"line":15,"column":20}},"loc":{"start":{"line":15,"column":32},"end":{"line":15,"column":78}},"line":15},"3":{"name":"(anonymous_3)","decl":{"start":{"line":15,"column":43},"end":{"line":15,"column":49}},"loc":{"start":{"line":15,"column":49},"end":{"line":15,"column":68}},"line":15},"4":{"name":"withSupabaseTimeout","decl":{"start":{"line":24,"column":22},"end":{"line":24,"column":null}},"loc":{"start":{"line":28,"column":14},"end":{"line":33,"column":null}},"line":28},"5":{"name":"(anonymous_5)","decl":{"start":{"line":30,"column":40},"end":{"line":30,"column":46}},"loc":{"start":{"line":30,"column":46},"end":{"line":30,"column":54}},"line":30},"6":{"name":"(anonymous_6)","decl":{"start":{"line":31,"column":19},"end":{"line":31,"column":20}},"loc":{"start":{"line":31,"column":32},"end":{"line":31,"column":78}},"line":31},"7":{"name":"(anonymous_7)","decl":{"start":{"line":31,"column":43},"end":{"line":31,"column":49}},"loc":{"start":{"line":31,"column":49},"end":{"line":31,"column":68}},"line":31}},"branchMap":{},"s":{"0":0,"1":0,"2":0,"3":0,"4":2,"5":0,"6":2,"7":0},"f":{"0":0,"1":0,"2":0,"3":0,"4":2,"5":0,"6":2,"7":0},"b":{},"meta":{"lastBranch":0,"lastFunction":8,"lastStatement":8,"seen":{"f:8:22:8:Infinity":0,"s:13:2:16:Infinity":0,"f:14:18:14:24":1,"s:14:24:14:32":1,"f:15:19:15:20":2,"s:15:32:15:78":2,"f:15:43:15:49":3,"s:15:49:15:68":3,"f:24:22:24:Infinity":4,"s:29:2:32:Infinity":4,"f:30:40:30:46":5,"s:30:46:30:54":5,"f:31:19:31:20":6,"s:31:32:31:78":6,"f:31:43:31:49":7,"s:31:49:31:68":7}}}
,"C:\\AI\\project\\package_2\\caveman\\kindergarten-management\\src\\services\\feesService.ts": {"path":"C:\\AI\\project\\package_2\\caveman\\kindergarten-management\\src\\services\\feesService.ts","statementMap":{"0":{"start":{"line":36,"column":2},"end":{"line":57,"column":null}},"1":{"start":{"line":61,"column":2},"end":{"line":63,"column":null}},"2":{"start":{"line":62,"column":4},"end":{"line":62,"column":null}},"3":{"start":{"line":64,"column":2},"end":{"line":66,"column":null}},"4":{"start":{"line":65,"column":4},"end":{"line":65,"column":null}},"5":{"start":{"line":67,"column":2},"end":{"line":67,"column":null}},"6":{"start":{"line":71,"column":25},"end":{"line":75,"column":null}},"7":{"start":{"line":77,"column":2},"end":{"line":77,"column":null}},"8":{"start":{"line":77,"column":28},"end":{"line":77,"column":null}},"9":{"start":{"line":79,"column":2},"end":{"line":82,"column":null}},"10":{"start":{"line":80,"column":57},"end":{"line":80,"column":63}},"11":{"start":{"line":86,"column":15},"end":{"line":86,"column":null}},"12":{"start":{"line":87,"column":19},"end":{"line":87,"column":null}},"13":{"start":{"line":88,"column":8},"end":{"line":88,"column":null}},"14":{"start":{"line":89,"column":13},"end":{"line":89,"column":null}},"15":{"start":{"line":92,"column":22},"end":{"line":92,"column":null}},"16":{"start":{"line":94,"column":2},"end":{"line":96,"column":null}},"17":{"start":{"line":95,"column":4},"end":{"line":95,"column":null}},"18":{"start":{"line":98,"column":2},"end":{"line":100,"column":null}},"19":{"start":{"line":99,"column":4},"end":{"line":99,"column":null}},"20":{"start":{"line":102,"column":2},"end":{"line":104,"column":null}},"21":{"start":{"line":103,"column":4},"end":{"line":103,"column":null}},"22":{"start":{"line":106,"column":2},"end":{"line":108,"column":null}},"23":{"start":{"line":107,"column":4},"end":{"line":107,"column":null}},"24":{"start":{"line":110,"column":2},"end":{"line":122,"column":null}},"25":{"start":{"line":111,"column":20},"end":{"line":111,"column":null}},"26":{"start":{"line":112,"column":4},"end":{"line":114,"column":null}},"27":{"start":{"line":113,"column":6},"end":{"line":113,"column":null}},"28":{"start":{"line":115,"column":4},"end":{"line":117,"column":null}},"29":{"start":{"line":116,"column":6},"end":{"line":116,"column":null}},"30":{"start":{"line":119,"column":21},"end":{"line":119,"column":null}},"31":{"start":{"line":120,"column":4},"end":{"line":120,"column":null}},"32":{"start":{"line":120,"column":39},"end":{"line":120,"column":null}},"33":{"start":{"line":121,"column":4},"end":{"line":121,"column":null}},"34":{"start":{"line":125,"column":22},"end":{"line":129,"column":null}},"35":{"start":{"line":131,"column":2},"end":{"line":133,"column":null}},"36":{"start":{"line":132,"column":4},"end":{"line":132,"column":null}},"37":{"start":{"line":135,"column":16},"end":{"line":135,"column":null}},"38":{"start":{"line":136,"column":2},"end":{"line":138,"column":null}},"39":{"start":{"line":137,"column":4},"end":{"line":137,"column":null}},"40":{"start":{"line":141,"column":18},"end":{"line":146,"column":null}},"41":{"start":{"line":148,"column":2},"end":{"line":150,"column":null}},"42":{"start":{"line":149,"column":4},"end":{"line":149,"column":null}},"43":{"start":{"line":152,"column":2},"end":{"line":154,"column":null}},"44":{"start":{"line":153,"column":4},"end":{"line":153,"column":null}},"45":{"start":{"line":156,"column":2},"end":{"line":158,"column":null}},"46":{"start":{"line":157,"column":4},"end":{"line":157,"column":null}},"47":{"start":{"line":160,"column":2},"end":{"line":162,"column":null}},"48":{"start":{"line":161,"column":4},"end":{"line":161,"column":null}},"49":{"start":{"line":164,"column":2},"end":{"line":171,"column":null}},"50":{"start":{"line":165,"column":20},"end":{"line":165,"column":null}},"51":{"start":{"line":166,"column":21},"end":{"line":166,"column":null}},"52":{"start":{"line":167,"column":4},"end":{"line":167,"column":null}},"53":{"start":{"line":167,"column":39},"end":{"line":167,"column":null}},"54":{"start":{"line":168,"column":4},"end":{"line":170,"column":null}},"55":{"start":{"line":169,"column":6},"end":{"line":169,"column":null}},"56":{"start":{"line":173,"column":17},"end":{"line":177,"column":null}},"57":{"start":{"line":179,"column":2},"end":{"line":184,"column":null}},"58":{"start":{"line":180,"column":4},"end":{"line":183,"column":null}},"59":{"start":{"line":186,"column":2},"end":{"line":194,"column":null}},"60":{"start":{"line":188,"column":51},"end":{"line":188,"column":86}},"61":{"start":{"line":198,"column":17},"end":{"line":207,"column":null}},"62":{"start":{"line":209,"column":2},"end":{"line":209,"column":null}},"63":{"start":{"line":209,"column":20},"end":{"line":209,"column":null}},"64":{"start":{"line":210,"column":2},"end":{"line":210,"column":null}},"65":{"start":{"line":210,"column":20},"end":{"line":210,"column":null}},"66":{"start":{"line":211,"column":2},"end":{"line":211,"column":null}},"67":{"start":{"line":215,"column":26},"end":{"line":215,"column":null}},"68":{"start":{"line":216,"column":2},"end":{"line":216,"column":null}},"69":{"start":{"line":216,"column":23},"end":{"line":216,"column":null}},"70":{"start":{"line":218,"column":17},"end":{"line":226,"column":null}},"71":{"start":{"line":228,"column":2},"end":{"line":240,"column":null}},"72":{"start":{"line":229,"column":16},"end":{"line":229,"column":null}},"73":{"start":{"line":230,"column":4},"end":{"line":238,"column":null}},"74":{"start":{"line":231,"column":6},"end":{"line":237,"column":null}},"75":{"start":{"line":239,"column":4},"end":{"line":239,"column":null}},"76":{"start":{"line":241,"column":2},"end":{"line":241,"column":null}},"77":{"start":{"line":250,"column":25},"end":{"line":254,"column":null}},"78":{"start":{"line":256,"column":2},"end":{"line":256,"column":null}},"79":{"start":{"line":256,"column":28},"end":{"line":256,"column":null}},"80":{"start":{"line":258,"column":17},"end":{"line":258,"column":null}},"81":{"start":{"line":259,"column":26},"end":{"line":259,"column":null}},"82":{"start":{"line":260,"column":2},"end":{"line":260,"column":null}},"83":{"start":{"line":260,"column":23},"end":{"line":260,"column":null}},"84":{"start":{"line":262,"column":17},"end":{"line":262,"column":null}},"85":{"start":{"line":263,"column":23},"end":{"line":275,"column":null}},"86":{"start":{"line":277,"column":2},"end":{"line":277,"column":null}},"87":{"start":{"line":277,"column":26},"end":{"line":277,"column":null}},"88":{"start":{"line":278,"column":2},"end":{"line":278,"column":null}},"89":{"start":{"line":282,"column":17},"end":{"line":291,"column":null}},"90":{"start":{"line":293,"column":2},"end":{"line":293,"column":null}},"91":{"start":{"line":293,"column":20},"end":{"line":293,"column":null}},"92":{"start":{"line":294,"column":2},"end":{"line":294,"column":null}},"93":{"start":{"line":298,"column":17},"end":{"line":302,"column":null}},"94":{"start":{"line":304,"column":2},"end":{"line":304,"column":null}},"95":{"start":{"line":304,"column":20},"end":{"line":304,"column":null}},"96":{"start":{"line":305,"column":2},"end":{"line":305,"column":null}},"97":{"start":{"line":309,"column":2},"end":{"line":309,"column":null}},"98":{"start":{"line":309,"column":19},"end":{"line":309,"column":null}},"99":{"start":{"line":310,"column":17},"end":{"line":314,"column":null}},"100":{"start":{"line":316,"column":2},"end":{"line":316,"column":null}},"101":{"start":{"line":316,"column":20},"end":{"line":316,"column":null}},"102":{"start":{"line":317,"column":2},"end":{"line":317,"column":null}},"103":{"start":{"line":328,"column":25},"end":{"line":332,"column":null}},"104":{"start":{"line":334,"column":2},"end":{"line":334,"column":null}},"105":{"start":{"line":334,"column":28},"end":{"line":334,"column":null}},"106":{"start":{"line":335,"column":19},"end":{"line":335,"column":null}},"107":{"start":{"line":336,"column":2},"end":{"line":336,"column":null}},"108":{"start":{"line":336,"column":29},"end":{"line":336,"column":null}},"109":{"start":{"line":339,"column":18},"end":{"line":348,"column":null}},"110":{"start":{"line":339,"column":37},"end":{"line":348,"column":4}},"111":{"start":{"line":350,"column":20},"end":{"line":350,"column":null}},"112":{"start":{"line":351,"column":2},"end":{"line":354,"column":null}},"113":{"start":{"line":352,"column":4},"end":{"line":352,"column":null}},"114":{"start":{"line":352,"column":32},"end":{"line":352,"column":null}},"115":{"start":{"line":353,"column":4},"end":{"line":353,"column":null}},"116":{"start":{"line":356,"column":2},"end":{"line":356,"column":null}},"117":{"start":{"line":361,"column":20},"end":{"line":365,"column":null}},"118":{"start":{"line":367,"column":2},"end":{"line":367,"column":null}},"119":{"start":{"line":367,"column":23},"end":{"line":367,"column":null}},"120":{"start":{"line":368,"column":14},"end":{"line":368,"column":null}},"121":{"start":{"line":369,"column":22},"end":{"line":369,"column":null}},"122":{"start":{"line":370,"column":2},"end":{"line":370,"column":null}},"123":{"start":{"line":370,"column":20},"end":{"line":370,"column":null}},"124":{"start":{"line":374,"column":37},"end":{"line":374,"column":null}},"125":{"start":{"line":375,"column":20},"end":{"line":375,"column":null}},"126":{"start":{"line":376,"column":18},"end":{"line":376,"column":null}},"127":{"start":{"line":379,"column":22},"end":{"line":379,"column":null}},"128":{"start":{"line":381,"column":20},"end":{"line":381,"column":null}},"129":{"start":{"line":382,"column":18},"end":{"line":382,"column":null}},"130":{"start":{"line":384,"column":27},"end":{"line":390,"column":null}},"131":{"start":{"line":392,"column":2},"end":{"line":392,"column":null}},"132":{"start":{"line":392,"column":30},"end":{"line":392,"column":null}},"133":{"start":{"line":393,"column":21},"end":{"line":393,"column":null}},"134":{"start":{"line":396,"column":22},"end":{"line":396,"column":null}},"135":{"start":{"line":397,"column":25},"end":{"line":397,"column":null}},"136":{"start":{"line":398,"column":26},"end":{"line":398,"column":null}},"137":{"start":{"line":400,"column":19},"end":{"line":400,"column":null}},"138":{"start":{"line":401,"column":21},"end":{"line":401,"column":null}},"139":{"start":{"line":402,"column":23},"end":{"line":402,"column":null}},"140":{"start":{"line":403,"column":22},"end":{"line":403,"column":null}},"141":{"start":{"line":405,"column":2},"end":{"line":428,"column":null}},"142":{"start":{"line":407,"column":4},"end":{"line":411,"column":null}},"143":{"start":{"line":408,"column":6},"end":{"line":410,"column":null}},"144":{"start":{"line":409,"column":8},"end":{"line":409,"column":null}},"145":{"start":{"line":414,"column":4},"end":{"line":422,"column":null}},"146":{"start":{"line":415,"column":6},"end":{"line":421,"column":null}},"147":{"start":{"line":416,"column":8},"end":{"line":416,"column":null}},"148":{"start":{"line":419,"column":14},"end":{"line":419,"column":null}},"149":{"start":{"line":420,"column":8},"end":{"line":420,"column":null}},"150":{"start":{"line":425,"column":4},"end":{"line":427,"column":null}},"151":{"start":{"line":426,"column":6},"end":{"line":426,"column":null}},"152":{"start":{"line":430,"column":2},"end":{"line":430,"column":null}},"153":{"start":{"line":430,"column":25},"end":{"line":430,"column":null}},"154":{"start":{"line":430,"column":61},"end":{"line":430,"column":190}},"155":{"start":{"line":431,"column":2},"end":{"line":431,"column":null}},"156":{"start":{"line":431,"column":28},"end":{"line":431,"column":null}},"157":{"start":{"line":433,"column":21},"end":{"line":433,"column":null}},"158":{"start":{"line":434,"column":22},"end":{"line":434,"column":null}},"159":{"start":{"line":437,"column":23},"end":{"line":447,"column":null}},"160":{"start":{"line":449,"column":2},"end":{"line":449,"column":null}},"161":{"start":{"line":449,"column":26},"end":{"line":449,"column":null}},"162":{"start":{"line":450,"column":2},"end":{"line":450,"column":null}}},"fnMap":{"0":{"name":"mapFeeRow","decl":{"start":{"line":35,"column":9},"end":{"line":35,"column":19}},"loc":{"start":{"line":35,"column":45},"end":{"line":58,"column":null}},"line":35},"1":{"name":"validatePaidAmount","decl":{"start":{"line":60,"column":9},"end":{"line":60,"column":28}},"loc":{"start":{"line":60,"column":81},"end":{"line":68,"column":null}},"line":60},"2":{"name":"getFeeSearchFilters","decl":{"start":{"line":70,"column":15},"end":{"line":70,"column":35}},"loc":{"start":{"line":70,"column":108},"end":{"line":83,"column":null}},"line":70},"3":{"name":"(anonymous_3)","decl":{"start":{"line":80,"column":48},"end":{"line":80,"column":49}},"loc":{"start":{"line":80,"column":57},"end":{"line":80,"column":63}},"line":80},"4":{"name":"listFees","decl":{"start":{"line":85,"column":22},"end":{"line":85,"column":31}},"loc":{"start":{"line":85,"column":122},"end":{"line":195,"column":null}},"line":85},"5":{"name":"(anonymous_5)","decl":{"start":{"line":188,"column":37},"end":{"line":188,"column":38}},"loc":{"start":{"line":188,"column":51},"end":{"line":188,"column":86}},"line":188},"6":{"name":"getFeeById","decl":{"start":{"line":197,"column":22},"end":{"line":197,"column":33}},"loc":{"start":{"line":197,"column":108},"end":{"line":212,"column":null}},"line":197},"7":{"name":"createFeeRecord","decl":{"start":{"line":214,"column":22},"end":{"line":214,"column":38}},"loc":{"start":{"line":214,"column":124},"end":{"line":242,"column":null}},"line":214},"8":{"name":"updateFeeRecordStatus","decl":{"start":{"line":244,"column":22},"end":{"line":244,"column":null}},"loc":{"start":{"line":249,"column":39},"end":{"line":279,"column":null}},"line":249},"9":{"name":"updateFeeRecord","decl":{"start":{"line":281,"column":22},"end":{"line":281,"column":38}},"loc":{"start":{"line":281,"column":147},"end":{"line":295,"column":null}},"line":281},"10":{"name":"deleteFeeRecord","decl":{"start":{"line":297,"column":22},"end":{"line":297,"column":38}},"loc":{"start":{"line":297,"column":87},"end":{"line":306,"column":null}},"line":297},"11":{"name":"deleteFeeRecords","decl":{"start":{"line":308,"column":22},"end":{"line":308,"column":39}},"loc":{"start":{"line":308,"column":91},"end":{"line":318,"column":null}},"line":308},"12":{"name":"createClassFees","decl":{"start":{"line":320,"column":22},"end":{"line":320,"column":null}},"loc":{"start":{"line":326,"column":39},"end":{"line":357,"column":null}},"line":326},"13":{"name":"(anonymous_13)","decl":{"start":{"line":339,"column":31},"end":{"line":339,"column":37}},"loc":{"start":{"line":339,"column":37},"end":{"line":348,"column":4}},"line":339},"14":{"name":"syncFeeWithAttendance","decl":{"start":{"line":359,"column":22},"end":{"line":359,"column":44}},"loc":{"start":{"line":359,"column":122},"end":{"line":451,"column":null}},"line":359},"15":{"name":"(anonymous_15)","decl":{"start":{"line":405,"column":21},"end":{"line":405,"column":31}},"loc":{"start":{"line":405,"column":31},"end":{"line":428,"column":3}},"line":405},"16":{"name":"(anonymous_16)","decl":{"start":{"line":430,"column":61},"end":{"line":430,"column":67}},"loc":{"start":{"line":430,"column":61},"end":{"line":430,"column":190}},"line":430}},"branchMap":{"0":{"loc":{"start":{"line":39,"column":18},"end":{"line":39,"column":null}},"type":"binary-expr","locations":[{"start":{"line":39,"column":18},"end":{"line":39,"column":45}},{"start":{"line":39,"column":45},"end":{"line":39,"column":null}}],"line":39},"1":{"loc":{"start":{"line":41,"column":16},"end":{"line":41,"column":null}},"type":"binary-expr","locations":[{"start":{"line":41,"column":16},"end":{"line":41,"column":47}},{"start":{"line":41,"column":47},"end":{"line":41,"column":null}}],"line":41},"2":{"loc":{"start":{"line":42,"column":11},"end":{"line":42,"column":null}},"type":"binary-expr","locations":[{"start":{"line":42,"column":11},"end":{"line":42,"column":24}},{"start":{"line":42,"column":24},"end":{"line":42,"column":null}}],"line":42},"3":{"loc":{"start":{"line":51,"column":21},"end":{"line":51,"column":null}},"type":"binary-expr","locations":[{"start":{"line":51,"column":21},"end":{"line":51,"column":44}},{"start":{"line":51,"column":44},"end":{"line":51,"column":null}}],"line":51},"4":{"loc":{"start":{"line":52,"column":24},"end":{"line":52,"column":null}},"type":"binary-expr","locations":[{"start":{"line":52,"column":24},"end":{"line":52,"column":50}},{"start":{"line":52,"column":50},"end":{"line":52,"column":null}}],"line":52},"5":{"loc":{"start":{"line":53,"column":27},"end":{"line":53,"column":null}},"type":"binary-expr","locations":[{"start":{"line":53,"column":27},"end":{"line":53,"column":56}},{"start":{"line":53,"column":56},"end":{"line":53,"column":null}}],"line":53},"6":{"loc":{"start":{"line":61,"column":2},"end":{"line":63,"column":null}},"type":"if","locations":[{"start":{"line":61,"column":2},"end":{"line":63,"column":null}},{"start":{},"end":{}}],"line":61},"7":{"loc":{"start":{"line":61,"column":6},"end":{"line":61,"column":54}},"type":"binary-expr","locations":[{"start":{"line":61,"column":6},"end":{"line":61,"column":38}},{"start":{"line":61,"column":38},"end":{"line":61,"column":54}}],"line":61},"8":{"loc":{"start":{"line":64,"column":2},"end":{"line":66,"column":null}},"type":"if","locations":[{"start":{"line":64,"column":2},"end":{"line":66,"column":null}},{"start":{},"end":{}}],"line":64},"9":{"loc":{"start":{"line":77,"column":2},"end":{"line":77,"column":null}},"type":"if","locations":[{"start":{"line":77,"column":2},"end":{"line":77,"column":null}},{"start":{},"end":{}}],"line":77},"10":{"loc":{"start":{"line":80,"column":17},"end":{"line":80,"column":44}},"type":"binary-expr","locations":[{"start":{"line":80,"column":17},"end":{"line":80,"column":40}},{"start":{"line":80,"column":40},"end":{"line":80,"column":44}}],"line":80},"11":{"loc":{"start":{"line":94,"column":2},"end":{"line":96,"column":null}},"type":"if","locations":[{"start":{"line":94,"column":2},"end":{"line":96,"column":null}},{"start":{},"end":{}}],"line":94},"12":{"loc":{"start":{"line":98,"column":2},"end":{"line":100,"column":null}},"type":"if","locations":[{"start":{"line":98,"column":2},"end":{"line":100,"column":null}},{"start":{},"end":{}}],"line":98},"13":{"loc":{"start":{"line":102,"column":2},"end":{"line":104,"column":null}},"type":"if","locations":[{"start":{"line":102,"column":2},"end":{"line":104,"column":null}},{"start":{},"end":{}}],"line":102},"14":{"loc":{"start":{"line":106,"column":2},"end":{"line":108,"column":null}},"type":"if","locations":[{"start":{"line":106,"column":2},"end":{"line":108,"column":null}},{"start":{},"end":{}}],"line":106},"15":{"loc":{"start":{"line":110,"column":2},"end":{"line":122,"column":null}},"type":"if","locations":[{"start":{"line":110,"column":2},"end":{"line":122,"column":null}},{"start":{},"end":{}}],"line":110},"16":{"loc":{"start":{"line":112,"column":4},"end":{"line":114,"column":null}},"type":"if","locations":[{"start":{"line":112,"column":4},"end":{"line":114,"column":null}},{"start":{},"end":{}}],"line":112},"17":{"loc":{"start":{"line":115,"column":4},"end":{"line":117,"column":null}},"type":"if","locations":[{"start":{"line":115,"column":4},"end":{"line":117,"column":null}},{"start":{},"end":{}}],"line":115},"18":{"loc":{"start":{"line":120,"column":4},"end":{"line":120,"column":null}},"type":"if","locations":[{"start":{"line":120,"column":4},"end":{"line":120,"column":null}},{"start":{},"end":{}}],"line":120},"19":{"loc":{"start":{"line":131,"column":2},"end":{"line":133,"column":null}},"type":"if","locations":[{"start":{"line":131,"column":2},"end":{"line":133,"column":null}},{"start":{},"end":{}}],"line":131},"20":{"loc":{"start":{"line":135,"column":16},"end":{"line":135,"column":null}},"type":"binary-expr","locations":[{"start":{"line":135,"column":16},"end":{"line":135,"column":37}},{"start":{"line":135,"column":37},"end":{"line":135,"column":null}}],"line":135},"21":{"loc":{"start":{"line":136,"column":2},"end":{"line":138,"column":null}},"type":"if","locations":[{"start":{"line":136,"column":2},"end":{"line":138,"column":null}},{"start":{},"end":{}}],"line":136},"22":{"loc":{"start":{"line":148,"column":2},"end":{"line":150,"column":null}},"type":"if","locations":[{"start":{"line":148,"column":2},"end":{"line":150,"column":null}},{"start":{},"end":{}}],"line":148},"23":{"loc":{"start":{"line":152,"column":2},"end":{"line":154,"column":null}},"type":"if","locations":[{"start":{"line":152,"column":2},"end":{"line":154,"column":null}},{"start":{},"end":{}}],"line":152},"24":{"loc":{"start":{"line":156,"column":2},"end":{"line":158,"column":null}},"type":"if","locations":[{"start":{"line":156,"column":2},"end":{"line":158,"column":null}},{"start":{},"end":{}}],"line":156},"25":{"loc":{"start":{"line":160,"column":2},"end":{"line":162,"column":null}},"type":"if","locations":[{"start":{"line":160,"column":2},"end":{"line":162,"column":null}},{"start":{},"end":{}}],"line":160},"26":{"loc":{"start":{"line":164,"column":2},"end":{"line":171,"column":null}},"type":"if","locations":[{"start":{"line":164,"column":2},"end":{"line":171,"column":null}},{"start":{},"end":{}}],"line":164},"27":{"loc":{"start":{"line":167,"column":4},"end":{"line":167,"column":null}},"type":"if","locations":[{"start":{"line":167,"column":4},"end":{"line":167,"column":null}},{"start":{},"end":{}}],"line":167},"28":{"loc":{"start":{"line":168,"column":4},"end":{"line":170,"column":null}},"type":"if","locations":[{"start":{"line":168,"column":4},"end":{"line":170,"column":null}},{"start":{},"end":{}}],"line":168},"29":{"loc":{"start":{"line":179,"column":2},"end":{"line":184,"column":null}},"type":"if","locations":[{"start":{"line":179,"column":2},"end":{"line":184,"column":null}},{"start":{},"end":{}}],"line":179},"30":{"loc":{"start":{"line":188,"column":14},"end":{"line":188,"column":33}},"type":"binary-expr","locations":[{"start":{"line":188,"column":14},"end":{"line":188,"column":29}},{"start":{"line":188,"column":29},"end":{"line":188,"column":33}}],"line":188},"31":{"loc":{"start":{"line":209,"column":2},"end":{"line":209,"column":null}},"type":"if","locations":[{"start":{"line":209,"column":2},"end":{"line":209,"column":null}},{"start":{},"end":{}}],"line":209},"32":{"loc":{"start":{"line":210,"column":2},"end":{"line":210,"column":null}},"type":"if","locations":[{"start":{"line":210,"column":2},"end":{"line":210,"column":null}},{"start":{},"end":{}}],"line":210},"33":{"loc":{"start":{"line":216,"column":2},"end":{"line":216,"column":null}},"type":"if","locations":[{"start":{"line":216,"column":2},"end":{"line":216,"column":null}},{"start":{},"end":{}}],"line":216},"34":{"loc":{"start":{"line":228,"column":2},"end":{"line":240,"column":null}},"type":"if","locations":[{"start":{"line":228,"column":2},"end":{"line":240,"column":null}},{"start":{},"end":{}}],"line":228},"35":{"loc":{"start":{"line":230,"column":4},"end":{"line":238,"column":null}},"type":"if","locations":[{"start":{"line":230,"column":4},"end":{"line":238,"column":null}},{"start":{},"end":{}}],"line":230},"36":{"loc":{"start":{"line":235,"column":69},"end":{"line":235,"column":86}},"type":"binary-expr","locations":[{"start":{"line":235,"column":69},"end":{"line":235,"column":84}},{"start":{"line":235,"column":84},"end":{"line":235,"column":86}}],"line":235},"37":{"loc":{"start":{"line":256,"column":2},"end":{"line":256,"column":null}},"type":"if","locations":[{"start":{"line":256,"column":2},"end":{"line":256,"column":null}},{"start":{},"end":{}}],"line":256},"38":{"loc":{"start":{"line":258,"column":24},"end":{"line":258,"column":60}},"type":"binary-expr","locations":[{"start":{"line":258,"column":24},"end":{"line":258,"column":59}},{"start":{"line":258,"column":59},"end":{"line":258,"column":60}}],"line":258},"39":{"loc":{"start":{"line":260,"column":2},"end":{"line":260,"column":null}},"type":"if","locations":[{"start":{"line":260,"column":2},"end":{"line":260,"column":null}},{"start":{},"end":{}}],"line":260},"40":{"loc":{"start":{"line":262,"column":17},"end":{"line":262,"column":null}},"type":"cond-expr","locations":[{"start":{"line":262,"column":35},"end":{"line":262,"column":46}},{"start":{"line":262,"column":46},"end":{"line":262,"column":null}}],"line":262},"41":{"loc":{"start":{"line":262,"column":46},"end":{"line":262,"column":null}},"type":"cond-expr","locations":[{"start":{"line":262,"column":69},"end":{"line":262,"column":78}},{"start":{"line":262,"column":78},"end":{"line":262,"column":null}}],"line":262},"42":{"loc":{"start":{"line":277,"column":2},"end":{"line":277,"column":null}},"type":"if","locations":[{"start":{"line":277,"column":2},"end":{"line":277,"column":null}},{"start":{},"end":{}}],"line":277},"43":{"loc":{"start":{"line":293,"column":2},"end":{"line":293,"column":null}},"type":"if","locations":[{"start":{"line":293,"column":2},"end":{"line":293,"column":null}},{"start":{},"end":{}}],"line":293},"44":{"loc":{"start":{"line":304,"column":2},"end":{"line":304,"column":null}},"type":"if","locations":[{"start":{"line":304,"column":2},"end":{"line":304,"column":null}},{"start":{},"end":{}}],"line":304},"45":{"loc":{"start":{"line":309,"column":2},"end":{"line":309,"column":null}},"type":"if","locations":[{"start":{"line":309,"column":2},"end":{"line":309,"column":null}},{"start":{},"end":{}}],"line":309},"46":{"loc":{"start":{"line":316,"column":2},"end":{"line":316,"column":null}},"type":"if","locations":[{"start":{"line":316,"column":2},"end":{"line":316,"column":null}},{"start":{},"end":{}}],"line":316},"47":{"loc":{"start":{"line":334,"column":2},"end":{"line":334,"column":null}},"type":"if","locations":[{"start":{"line":334,"column":2},"end":{"line":334,"column":null}},{"start":{},"end":{}}],"line":334},"48":{"loc":{"start":{"line":335,"column":19},"end":{"line":335,"column":null}},"type":"binary-expr","locations":[{"start":{"line":335,"column":19},"end":{"line":335,"column":42}},{"start":{"line":335,"column":42},"end":{"line":335,"column":null}}],"line":335},"49":{"loc":{"start":{"line":336,"column":2},"end":{"line":336,"column":null}},"type":"if","locations":[{"start":{"line":336,"column":2},"end":{"line":336,"column":null}},{"start":{},"end":{}}],"line":336},"50":{"loc":{"start":{"line":351,"column":2},"end":{"line":354,"column":null}},"type":"if","locations":[{"start":{"line":351,"column":2},"end":{"line":354,"column":null}},{"start":{},"end":{}}],"line":351},"51":{"loc":{"start":{"line":352,"column":4},"end":{"line":352,"column":null}},"type":"if","locations":[{"start":{"line":352,"column":4},"end":{"line":352,"column":null}},{"start":{},"end":{}}],"line":352},"52":{"loc":{"start":{"line":367,"column":2},"end":{"line":367,"column":null}},"type":"if","locations":[{"start":{"line":367,"column":2},"end":{"line":367,"column":null}},{"start":{},"end":{}}],"line":367},"53":{"loc":{"start":{"line":370,"column":2},"end":{"line":370,"column":null}},"type":"if","locations":[{"start":{"line":370,"column":2},"end":{"line":370,"column":null}},{"start":{},"end":{}}],"line":370},"54":{"loc":{"start":{"line":379,"column":22},"end":{"line":379,"column":null}},"type":"cond-expr","locations":[{"start":{"line":379,"column":58},"end":{"line":379,"column":68}},{"start":{"line":379,"column":68},"end":{"line":379,"column":null}}],"line":379},"55":{"loc":{"start":{"line":379,"column":22},"end":{"line":379,"column":58}},"type":"binary-expr","locations":[{"start":{"line":379,"column":22},"end":{"line":379,"column":40}},{"start":{"line":379,"column":40},"end":{"line":379,"column":58}}],"line":379},"56":{"loc":{"start":{"line":392,"column":2},"end":{"line":392,"column":null}},"type":"if","locations":[{"start":{"line":392,"column":2},"end":{"line":392,"column":null}},{"start":{},"end":{}}],"line":392},"57":{"loc":{"start":{"line":393,"column":21},"end":{"line":393,"column":null}},"type":"binary-expr","locations":[{"start":{"line":393,"column":21},"end":{"line":393,"column":46}},{"start":{"line":393,"column":46},"end":{"line":393,"column":null}}],"line":393},"58":{"loc":{"start":{"line":400,"column":19},"end":{"line":400,"column":null}},"type":"binary-expr","locations":[{"start":{"line":400,"column":19},"end":{"line":400,"column":44}},{"start":{"line":400,"column":44},"end":{"line":400,"column":null}}],"line":400},"59":{"loc":{"start":{"line":401,"column":21},"end":{"line":401,"column":null}},"type":"binary-expr","locations":[{"start":{"line":401,"column":21},"end":{"line":401,"column":48}},{"start":{"line":401,"column":48},"end":{"line":401,"column":null}}],"line":401},"60":{"loc":{"start":{"line":403,"column":22},"end":{"line":403,"column":null}},"type":"binary-expr","locations":[{"start":{"line":403,"column":22},"end":{"line":403,"column":62}},{"start":{"line":403,"column":62},"end":{"line":403,"column":null}}],"line":403},"61":{"loc":{"start":{"line":407,"column":4},"end":{"line":411,"column":null}},"type":"if","locations":[{"start":{"line":407,"column":4},"end":{"line":411,"column":null}},{"start":{},"end":{}}],"line":407},"62":{"loc":{"start":{"line":408,"column":6},"end":{"line":410,"column":null}},"type":"if","locations":[{"start":{"line":408,"column":6},"end":{"line":410,"column":null}},{"start":{},"end":{}}],"line":408},"63":{"loc":{"start":{"line":408,"column":10},"end":{"line":408,"column":109}},"type":"binary-expr","locations":[{"start":{"line":408,"column":10},"end":{"line":408,"column":40}},{"start":{"line":408,"column":40},"end":{"line":408,"column":71}},{"start":{"line":408,"column":71},"end":{"line":408,"column":109}}],"line":408},"64":{"loc":{"start":{"line":414,"column":4},"end":{"line":422,"column":null}},"type":"if","locations":[{"start":{"line":414,"column":4},"end":{"line":422,"column":null}},{"start":{},"end":{}}],"line":414},"65":{"loc":{"start":{"line":414,"column":8},"end":{"line":414,"column":72}},"type":"binary-expr","locations":[{"start":{"line":414,"column":8},"end":{"line":414,"column":48}},{"start":{"line":414,"column":48},"end":{"line":414,"column":72}}],"line":414},"66":{"loc":{"start":{"line":415,"column":6},"end":{"line":421,"column":null}},"type":"if","locations":[{"start":{"line":415,"column":6},"end":{"line":421,"column":null}},{"start":{"line":417,"column":13},"end":{"line":421,"column":null}}],"line":415},"67":{"loc":{"start":{"line":419,"column":31},"end":{"line":419,"column":78}},"type":"binary-expr","locations":[{"start":{"line":419,"column":31},"end":{"line":419,"column":54}},{"start":{"line":419,"column":54},"end":{"line":419,"column":73}},{"start":{"line":419,"column":73},"end":{"line":419,"column":78}}],"line":419},"68":{"loc":{"start":{"line":425,"column":4},"end":{"line":427,"column":null}},"type":"if","locations":[{"start":{"line":425,"column":4},"end":{"line":427,"column":null}},{"start":{},"end":{}}],"line":425},"69":{"loc":{"start":{"line":425,"column":8},"end":{"line":425,"column":86}},"type":"binary-expr","locations":[{"start":{"line":425,"column":8},"end":{"line":425,"column":48}},{"start":{"line":425,"column":48},"end":{"line":425,"column":86}}],"line":425},"70":{"loc":{"start":{"line":430,"column":2},"end":{"line":430,"column":null}},"type":"if","locations":[{"start":{"line":430,"column":2},"end":{"line":430,"column":null}},{"start":{},"end":{}}],"line":430},"71":{"loc":{"start":{"line":430,"column":61},"end":{"line":430,"column":190}},"type":"binary-expr","locations":[{"start":{"line":430,"column":67},"end":{"line":430,"column":92}},{"start":{"line":430,"column":92},"end":{"line":430,"column":118}},{"start":{"line":430,"column":118},"end":{"line":430,"column":154}},{"start":{"line":430,"column":154},"end":{"line":430,"column":190}}],"line":430},"72":{"loc":{"start":{"line":431,"column":2},"end":{"line":431,"column":null}},"type":"if","locations":[{"start":{"line":431,"column":2},"end":{"line":431,"column":null}},{"start":{},"end":{}}],"line":431},"73":{"loc":{"start":{"line":433,"column":21},"end":{"line":433,"column":null}},"type":"binary-expr","locations":[{"start":{"line":433,"column":21},"end":{"line":433,"column":44}},{"start":{"line":433,"column":44},"end":{"line":433,"column":null}}],"line":433},"74":{"loc":{"start":{"line":443,"column":22},"end":{"line":443,"column":null}},"type":"binary-expr","locations":[{"start":{"line":443,"column":22},"end":{"line":443,"column":42}},{"start":{"line":443,"column":42},"end":{"line":443,"column":null}}],"line":443},"75":{"loc":{"start":{"line":449,"column":2},"end":{"line":449,"column":null}},"type":"if","locations":[{"start":{"line":449,"column":2},"end":{"line":449,"column":null}},{"start":{},"end":{}}],"line":449}},"s":{"0":1,"1":0,"2":0,"3":0,"4":0,"5":0,"6":0,"7":0,"8":0,"9":0,"10":0,"11":1,"12":1,"13":1,"14":1,"15":1,"16":1,"17":0,"18":1,"19":0,"20":1,"21":0,"22":1,"23":0,"24":1,"25":0,"26":0,"27":0,"28":0,"29":0,"30":0,"31":0,"32":0,"33":0,"34":1,"35":1,"36":0,"37":1,"38":1,"39":1,"40":0,"41":0,"42":0,"43":0,"44":0,"45":0,"46":0,"47":0,"48":0,"49":0,"50":0,"51":0,"52":0,"53":0,"54":0,"55":0,"56":0,"57":0,"58":0,"59":0,"60":0,"61":0,"62":0,"63":0,"64":0,"65":0,"66":0,"67":0,"68":0,"69":0,"70":0,"71":0,"72":0,"73":0,"74":0,"75":0,"76":0,"77":0,"78":0,"79":0,"80":0,"81":0,"82":0,"83":0,"84":0,"85":0,"86":0,"87":0,"88":0,"89":0,"90":0,"91":0,"92":0,"93":0,"94":0,"95":0,"96":0,"97":0,"98":0,"99":0,"100":0,"101":0,"102":0,"103":0,"104":0,"105":0,"106":0,"107":0,"108":0,"109":0,"110":0,"111":0,"112":0,"113":0,"114":0,"115":0,"116":0,"117":1,"118":1,"119":0,"120":1,"121":1,"122":1,"123":0,"124":1,"125":1,"126":1,"127":1,"128":1,"129":1,"130":1,"131":1,"132":0,"133":1,"134":1,"135":1,"136":1,"137":1,"138":1,"139":1,"140":1,"141":1,"142":4,"143":4,"144":3,"145":4,"146":0,"147":0,"148":0,"149":0,"150":4,"151":0,"152":1,"153":1,"154":4,"155":1,"156":0,"157":1,"158":1,"159":1,"160":1,"161":0,"162":1},"f":{"0":1,"1":0,"2":0,"3":0,"4":1,"5":0,"6":0,"7":0,"8":0,"9":0,"10":0,"11":0,"12":0,"13":0,"14":1,"15":4,"16":4},"b":{"0":[1,1],"1":[1,1],"2":[1,1],"3":[1,0],"4":[1,0],"5":[1,1],"6":[0,0],"7":[0,0],"8":[0,0],"9":[0,0],"10":[0,0],"11":[0,1],"12":[0,1],"13":[0,1],"14":[0,1],"15":[0,1],"16":[0,0],"17":[0,0],"18":[0,0],"19":[0,1],"20":[1,1],"21":[1,0],"22":[0,0],"23":[0,0],"24":[0,0],"25":[0,0],"26":[0,0],"27":[0,0],"28":[0,0],"29":[0,0],"30":[0,0],"31":[0,0],"32":[0,0],"33":[0,0],"34":[0,0],"35":[0,0],"36":[0,0],"37":[0,0],"38":[0,0],"39":[0,0],"40":[0,0],"41":[0,0],"42":[0,0],"43":[0,0],"44":[0,0],"45":[0,0],"46":[0,0],"47":[0,0],"48":[0,0],"49":[0,0],"50":[0,0],"51":[0,0],"52":[0,1],"53":[0,1],"54":[0,1],"55":[1,1],"56":[0,1],"57":[1,0],"58":[1,0],"59":[1,1],"60":[1,1],"61":[4,0],"62":[3,1],"63":[4,2,1],"64":[0,4],"65":[4,4],"66":[0,0],"67":[0,0,0],"68":[0,4],"69":[4,0],"70":[1,0],"71":[4,2,1,3],"72":[0,1],"73":[1,0],"74":[1,0],"75":[0,1]},"meta":{"lastBranch":76,"lastFunction":17,"lastStatement":163,"seen":{"f:35:9:35:19":0,"s:36:2:57:Infinity":0,"b:39:18:39:45:39:45:39:Infinity":0,"b:41:16:41:47:41:47:41:Infinity":1,"b:42:11:42:24:42:24:42:Infinity":2,"b:51:21:51:44:51:44:51:Infinity":3,"b:52:24:52:50:52:50:52:Infinity":4,"b:53:27:53:56:53:56:53:Infinity":5,"f:60:9:60:28":1,"b:61:2:63:Infinity:undefined:undefined:undefined:undefined":6,"s:61:2:63:Infinity":1,"b:61:6:61:38:61:38:61:54":7,"s:62:4:62:Infinity":2,"b:64:2:66:Infinity:undefined:undefined:undefined:undefined":8,"s:64:2:66:Infinity":3,"s:65:4:65:Infinity":4,"s:67:2:67:Infinity":5,"f:70:15:70:35":2,"s:71:25:75:Infinity":6,"b:77:2:77:Infinity:undefined:undefined:undefined:undefined":9,"s:77:2:77:Infinity":7,"s:77:28:77:Infinity":8,"s:79:2:82:Infinity":9,"b:80:17:80:40:80:40:80:44":10,"f:80:48:80:49":3,"s:80:57:80:63":10,"f:85:22:85:31":4,"s:86:15:86:Infinity":11,"s:87:19:87:Infinity":12,"s:88:8:88:Infinity":13,"s:89:13:89:Infinity":14,"s:92:22:92:Infinity":15,"b:94:2:96:Infinity:undefined:undefined:undefined:undefined":11,"s:94:2:96:Infinity":16,"s:95:4:95:Infinity":17,"b:98:2:100:Infinity:undefined:undefined:undefined:undefined":12,"s:98:2:100:Infinity":18,"s:99:4:99:Infinity":19,"b:102:2:104:Infinity:undefined:undefined:undefined:undefined":13,"s:102:2:104:Infinity":20,"s:103:4:103:Infinity":21,"b:106:2:108:Infinity:undefined:undefined:undefined:undefined":14,"s:106:2:108:Infinity":22,"s:107:4:107:Infinity":23,"b:110:2:122:Infinity:undefined:undefined:undefined:undefined":15,"s:110:2:122:Infinity":24,"s:111:20:111:Infinity":25,"b:112:4:114:Infinity:undefined:undefined:undefined:undefined":16,"s:112:4:114:Infinity":26,"s:113:6:113:Infinity":27,"b:115:4:117:Infinity:undefined:undefined:undefined:undefined":17,"s:115:4:117:Infinity":28,"s:116:6:116:Infinity":29,"s:119:21:119:Infinity":30,"b:120:4:120:Infinity:undefined:undefined:undefined:undefined":18,"s:120:4:120:Infinity":31,"s:120:39:120:Infinity":32,"s:121:4:121:Infinity":33,"s:125:22:129:Infinity":34,"b:131:2:133:Infinity:undefined:undefined:undefined:undefined":19,"s:131:2:133:Infinity":35,"s:132:4:132:Infinity":36,"s:135:16:135:Infinity":37,"b:135:16:135:37:135:37:135:Infinity":20,"b:136:2:138:Infinity:undefined:undefined:undefined:undefined":21,"s:136:2:138:Infinity":38,"s:137:4:137:Infinity":39,"s:141:18:146:Infinity":40,"b:148:2:150:Infinity:undefined:undefined:undefined:undefined":22,"s:148:2:150:Infinity":41,"s:149:4:149:Infinity":42,"b:152:2:154:Infinity:undefined:undefined:undefined:undefined":23,"s:152:2:154:Infinity":43,"s:153:4:153:Infinity":44,"b:156:2:158:Infinity:undefined:undefined:undefined:undefined":24,"s:156:2:158:Infinity":45,"s:157:4:157:Infinity":46,"b:160:2:162:Infinity:undefined:undefined:undefined:undefined":25,"s:160:2:162:Infinity":47,"s:161:4:161:Infinity":48,"b:164:2:171:Infinity:undefined:undefined:undefined:undefined":26,"s:164:2:171:Infinity":49,"s:165:20:165:Infinity":50,"s:166:21:166:Infinity":51,"b:167:4:167:Infinity:undefined:undefined:undefined:undefined":27,"s:167:4:167:Infinity":52,"s:167:39:167:Infinity":53,"b:168:4:170:Infinity:undefined:undefined:undefined:undefined":28,"s:168:4:170:Infinity":54,"s:169:6:169:Infinity":55,"s:173:17:177:Infinity":56,"b:179:2:184:Infinity:undefined:undefined:undefined:undefined":29,"s:179:2:184:Infinity":57,"s:180:4:183:Infinity":58,"s:186:2:194:Infinity":59,"b:188:14:188:29:188:29:188:33":30,"f:188:37:188:38":5,"s:188:51:188:86":60,"f:197:22:197:33":6,"s:198:17:207:Infinity":61,"b:209:2:209:Infinity:undefined:undefined:undefined:undefined":31,"s:209:2:209:Infinity":62,"s:209:20:209:Infinity":63,"b:210:2:210:Infinity:undefined:undefined:undefined:undefined":32,"s:210:2:210:Infinity":64,"s:210:20:210:Infinity":65,"s:211:2:211:Infinity":66,"f:214:22:214:38":7,"s:215:26:215:Infinity":67,"b:216:2:216:Infinity:undefined:undefined:undefined:undefined":33,"s:216:2:216:Infinity":68,"s:216:23:216:Infinity":69,"s:218:17:226:Infinity":70,"b:228:2:240:Infinity:undefined:undefined:undefined:undefined":34,"s:228:2:240:Infinity":71,"s:229:16:229:Infinity":72,"b:230:4:238:Infinity:undefined:undefined:undefined:undefined":35,"s:230:4:238:Infinity":73,"s:231:6:237:Infinity":74,"b:235:69:235:84:235:84:235:86":36,"s:239:4:239:Infinity":75,"s:241:2:241:Infinity":76,"f:244:22:244:Infinity":8,"s:250:25:254:Infinity":77,"b:256:2:256:Infinity:undefined:undefined:undefined:undefined":37,"s:256:2:256:Infinity":78,"s:256:28:256:Infinity":79,"s:258:17:258:Infinity":80,"b:258:24:258:59:258:59:258:60":38,"s:259:26:259:Infinity":81,"b:260:2:260:Infinity:undefined:undefined:undefined:undefined":39,"s:260:2:260:Infinity":82,"s:260:23:260:Infinity":83,"s:262:17:262:Infinity":84,"b:262:35:262:46:262:46:262:Infinity":40,"b:262:69:262:78:262:78:262:Infinity":41,"s:263:23:275:Infinity":85,"b:277:2:277:Infinity:undefined:undefined:undefined:undefined":42,"s:277:2:277:Infinity":86,"s:277:26:277:Infinity":87,"s:278:2:278:Infinity":88,"f:281:22:281:38":9,"s:282:17:291:Infinity":89,"b:293:2:293:Infinity:undefined:undefined:undefined:undefined":43,"s:293:2:293:Infinity":90,"s:293:20:293:Infinity":91,"s:294:2:294:Infinity":92,"f:297:22:297:38":10,"s:298:17:302:Infinity":93,"b:304:2:304:Infinity:undefined:undefined:undefined:undefined":44,"s:304:2:304:Infinity":94,"s:304:20:304:Infinity":95,"s:305:2:305:Infinity":96,"f:308:22:308:39":11,"b:309:2:309:Infinity:undefined:undefined:undefined:undefined":45,"s:309:2:309:Infinity":97,"s:309:19:309:Infinity":98,"s:310:17:314:Infinity":99,"b:316:2:316:Infinity:undefined:undefined:undefined:undefined":46,"s:316:2:316:Infinity":100,"s:316:20:316:Infinity":101,"s:317:2:317:Infinity":102,"f:320:22:320:Infinity":12,"s:328:25:332:Infinity":103,"b:334:2:334:Infinity:undefined:undefined:undefined:undefined":47,"s:334:2:334:Infinity":104,"s:334:28:334:Infinity":105,"s:335:19:335:Infinity":106,"b:335:19:335:42:335:42:335:Infinity":48,"b:336:2:336:Infinity:undefined:undefined:undefined:undefined":49,"s:336:2:336:Infinity":107,"s:336:29:336:Infinity":108,"s:339:18:348:Infinity":109,"f:339:31:339:37":13,"s:339:37:348:4":110,"s:350:20:350:Infinity":111,"b:351:2:354:Infinity:undefined:undefined:undefined:undefined":50,"s:351:2:354:Infinity":112,"b:352:4:352:Infinity:undefined:undefined:undefined:undefined":51,"s:352:4:352:Infinity":113,"s:352:32:352:Infinity":114,"s:353:4:353:Infinity":115,"s:356:2:356:Infinity":116,"f:359:22:359:44":14,"s:361:20:365:Infinity":117,"b:367:2:367:Infinity:undefined:undefined:undefined:undefined":52,"s:367:2:367:Infinity":118,"s:367:23:367:Infinity":119,"s:368:14:368:Infinity":120,"s:369:22:369:Infinity":121,"b:370:2:370:Infinity:undefined:undefined:undefined:undefined":53,"s:370:2:370:Infinity":122,"s:370:20:370:Infinity":123,"s:374:37:374:Infinity":124,"s:375:20:375:Infinity":125,"s:376:18:376:Infinity":126,"s:379:22:379:Infinity":127,"b:379:58:379:68:379:68:379:Infinity":54,"b:379:22:379:40:379:40:379:58":55,"s:381:20:381:Infinity":128,"s:382:18:382:Infinity":129,"s:384:27:390:Infinity":130,"b:392:2:392:Infinity:undefined:undefined:undefined:undefined":56,"s:392:2:392:Infinity":131,"s:392:30:392:Infinity":132,"s:393:21:393:Infinity":133,"b:393:21:393:46:393:46:393:Infinity":57,"s:396:22:396:Infinity":134,"s:397:25:397:Infinity":135,"s:398:26:398:Infinity":136,"s:400:19:400:Infinity":137,"b:400:19:400:44:400:44:400:Infinity":58,"s:401:21:401:Infinity":138,"b:401:21:401:48:401:48:401:Infinity":59,"s:402:23:402:Infinity":139,"s:403:22:403:Infinity":140,"b:403:22:403:62:403:62:403:Infinity":60,"s:405:2:428:Infinity":141,"f:405:21:405:31":15,"b:407:4:411:Infinity:undefined:undefined:undefined:undefined":61,"s:407:4:411:Infinity":142,"b:408:6:410:Infinity:undefined:undefined:undefined:undefined":62,"s:408:6:410:Infinity":143,"b:408:10:408:40:408:40:408:71:408:71:408:109":63,"s:409:8:409:Infinity":144,"b:414:4:422:Infinity:undefined:undefined:undefined:undefined":64,"s:414:4:422:Infinity":145,"b:414:8:414:48:414:48:414:72":65,"b:415:6:421:Infinity:417:13:421:Infinity":66,"s:415:6:421:Infinity":146,"s:416:8:416:Infinity":147,"s:419:14:419:Infinity":148,"b:419:31:419:54:419:54:419:73:419:73:419:78":67,"s:420:8:420:Infinity":149,"b:425:4:427:Infinity:undefined:undefined:undefined:undefined":68,"s:425:4:427:Infinity":150,"b:425:8:425:48:425:48:425:86":69,"s:426:6:426:Infinity":151,"b:430:2:430:Infinity:undefined:undefined:undefined:undefined":70,"s:430:2:430:Infinity":152,"s:430:25:430:Infinity":153,"f:430:61:430:67":16,"s:430:61:430:190":154,"b:430:67:430:92:430:92:430:118:430:118:430:154:430:154:430:190":71,"b:431:2:431:Infinity:undefined:undefined:undefined:undefined":72,"s:431:2:431:Infinity":155,"s:431:28:431:Infinity":156,"s:433:21:433:Infinity":157,"b:433:21:433:44:433:44:433:Infinity":73,"s:434:22:434:Infinity":158,"s:437:23:447:Infinity":159,"b:443:22:443:42:443:42:443:Infinity":74,"b:449:2:449:Infinity:undefined:undefined:undefined:undefined":75,"s:449:2:449:Infinity":160,"s:449:26:449:Infinity":161,"s:450:2:450:Infinity":162}}}
,"C:\\AI\\project\\package_2\\caveman\\kindergarten-management\\src\\services\\studentsService.ts": {"path":"C:\\AI\\project\\package_2\\caveman\\kindergarten-management\\src\\services\\studentsService.ts","statementMap":{"0":{"start":{"line":44,"column":2},"end":{"line":67,"column":null}},"1":{"start":{"line":58,"column":51},"end":{"line":64,"column":6}},"2":{"start":{"line":71,"column":16},"end":{"line":71,"column":null}},"3":{"start":{"line":72,"column":2},"end":{"line":72,"column":null}},"4":{"start":{"line":76,"column":2},"end":{"line":76,"column":null}},"5":{"start":{"line":76,"column":51},"end":{"line":76,"column":null}},"6":{"start":{"line":77,"column":16},"end":{"line":77,"column":null}},"7":{"start":{"line":78,"column":15},"end":{"line":78,"column":null}},"8":{"start":{"line":79,"column":2},"end":{"line":79,"column":null}},"9":{"start":{"line":83,"column":15},"end":{"line":83,"column":null}},"10":{"start":{"line":84,"column":19},"end":{"line":84,"column":null}},"11":{"start":{"line":85,"column":8},"end":{"line":85,"column":null}},"12":{"start":{"line":86,"column":13},"end":{"line":86,"column":null}},"13":{"start":{"line":88,"column":18},"end":{"line":91,"column":null}},"14":{"start":{"line":93,"column":2},"end":{"line":96,"column":null}},"15":{"start":{"line":94,"column":17},"end":{"line":94,"column":null}},"16":{"start":{"line":95,"column":4},"end":{"line":95,"column":null}},"17":{"start":{"line":97,"column":2},"end":{"line":99,"column":null}},"18":{"start":{"line":98,"column":4},"end":{"line":98,"column":null}},"19":{"start":{"line":101,"column":17},"end":{"line":101,"column":null}},"20":{"start":{"line":102,"column":8},"end":{"line":102,"column":null}},"21":{"start":{"line":103,"column":2},"end":{"line":103,"column":null}},"22":{"start":{"line":105,"column":17},"end":{"line":109,"column":null}},"23":{"start":{"line":111,"column":2},"end":{"line":116,"column":null}},"24":{"start":{"line":112,"column":4},"end":{"line":115,"column":null}},"25":{"start":{"line":118,"column":2},"end":{"line":126,"column":null}},"26":{"start":{"line":130,"column":17},"end":{"line":139,"column":null}},"27":{"start":{"line":141,"column":2},"end":{"line":141,"column":null}},"28":{"start":{"line":141,"column":20},"end":{"line":141,"column":null}},"29":{"start":{"line":142,"column":2},"end":{"line":142,"column":null}},"30":{"start":{"line":142,"column":20},"end":{"line":142,"column":null}},"31":{"start":{"line":143,"column":2},"end":{"line":143,"column":null}},"32":{"start":{"line":147,"column":29},"end":{"line":147,"column":null}},"33":{"start":{"line":148,"column":22},"end":{"line":148,"column":null}},"34":{"start":{"line":150,"column":2},"end":{"line":170,"column":null}},"35":{"start":{"line":150,"column":21},"end":{"line":150,"column":24}},"36":{"start":{"line":151,"column":26},"end":{"line":154,"column":null}},"37":{"start":{"line":156,"column":19},"end":{"line":164,"column":null}},"38":{"start":{"line":166,"column":4},"end":{"line":166,"column":null}},"39":{"start":{"line":166,"column":38},"end":{"line":166,"column":null}},"40":{"start":{"line":167,"column":4},"end":{"line":169,"column":null}},"41":{"start":{"line":168,"column":6},"end":{"line":168,"column":null}},"42":{"start":{"line":172,"column":2},"end":{"line":172,"column":null}},"43":{"start":{"line":176,"column":57},"end":{"line":176,"column":null}},"44":{"start":{"line":177,"column":17},"end":{"line":186,"column":null}},"45":{"start":{"line":188,"column":2},"end":{"line":188,"column":null}},"46":{"start":{"line":188,"column":20},"end":{"line":188,"column":null}},"47":{"start":{"line":189,"column":2},"end":{"line":189,"column":null}},"48":{"start":{"line":194,"column":2},"end":{"line":194,"column":null}},"49":{"start":{"line":195,"column":2},"end":{"line":195,"column":null}},"50":{"start":{"line":196,"column":2},"end":{"line":196,"column":null}},"51":{"start":{"line":198,"column":17},"end":{"line":202,"column":null}},"52":{"start":{"line":204,"column":2},"end":{"line":204,"column":null}},"53":{"start":{"line":204,"column":20},"end":{"line":204,"column":null}},"54":{"start":{"line":205,"column":2},"end":{"line":205,"column":null}},"55":{"start":{"line":209,"column":2},"end":{"line":209,"column":null}},"56":{"start":{"line":209,"column":19},"end":{"line":209,"column":null}},"57":{"start":{"line":210,"column":2},"end":{"line":210,"column":null}},"58":{"start":{"line":211,"column":2},"end":{"line":211,"column":null}},"59":{"start":{"line":212,"column":2},"end":{"line":212,"column":null}},"60":{"start":{"line":214,"column":17},"end":{"line":218,"column":null}},"61":{"start":{"line":220,"column":2},"end":{"line":220,"column":null}},"62":{"start":{"line":220,"column":20},"end":{"line":220,"column":null}},"63":{"start":{"line":221,"column":2},"end":{"line":221,"column":null}}},"fnMap":{"0":{"name":"mapStudentRow","decl":{"start":{"line":43,"column":9},"end":{"line":43,"column":23}},"loc":{"start":{"line":43,"column":55},"end":{"line":68,"column":null}},"line":43},"1":{"name":"(anonymous_1)","decl":{"start":{"line":58,"column":37},"end":{"line":58,"column":38}},"loc":{"start":{"line":58,"column":51},"end":{"line":64,"column":6}},"line":58},"2":{"name":"generateStudentCode","decl":{"start":{"line":70,"column":9},"end":{"line":70,"column":39}},"loc":{"start":{"line":70,"column":39},"end":{"line":73,"column":null}},"line":70},"3":{"name":"isStudentCodeConflict","decl":{"start":{"line":75,"column":9},"end":{"line":75,"column":31}},"loc":{"start":{"line":75,"column":56},"end":{"line":80,"column":null}},"line":75},"4":{"name":"listStudents","decl":{"start":{"line":82,"column":22},"end":{"line":82,"column":35}},"loc":{"start":{"line":82,"column":132},"end":{"line":127,"column":null}},"line":82},"5":{"name":"getStudentById","decl":{"start":{"line":129,"column":22},"end":{"line":129,"column":37}},"loc":{"start":{"line":129,"column":114},"end":{"line":144,"column":null}},"line":129},"6":{"name":"createStudent","decl":{"start":{"line":146,"column":22},"end":{"line":146,"column":36}},"loc":{"start":{"line":146,"column":130},"end":{"line":173,"column":null}},"line":146},"7":{"name":"updateStudent","decl":{"start":{"line":175,"column":22},"end":{"line":175,"column":36}},"loc":{"start":{"line":175,"column":142},"end":{"line":190,"column":null}},"line":175},"8":{"name":"deleteStudent","decl":{"start":{"line":192,"column":22},"end":{"line":192,"column":36}},"loc":{"start":{"line":192,"column":85},"end":{"line":206,"column":null}},"line":192},"9":{"name":"deleteStudents","decl":{"start":{"line":208,"column":22},"end":{"line":208,"column":37}},"loc":{"start":{"line":208,"column":89},"end":{"line":222,"column":null}},"line":208}},"branchMap":{"0":{"loc":{"start":{"line":47,"column":16},"end":{"line":47,"column":null}},"type":"binary-expr","locations":[{"start":{"line":47,"column":16},"end":{"line":47,"column":37}},{"start":{"line":47,"column":37},"end":{"line":47,"column":null}}],"line":47},"1":{"loc":{"start":{"line":56,"column":17},"end":{"line":56,"column":null}},"type":"binary-expr","locations":[{"start":{"line":56,"column":17},"end":{"line":56,"column":36}},{"start":{"line":56,"column":36},"end":{"line":56,"column":null}}],"line":56},"2":{"loc":{"start":{"line":76,"column":2},"end":{"line":76,"column":null}},"type":"if","locations":[{"start":{"line":76,"column":2},"end":{"line":76,"column":null}},{"start":{},"end":{}}],"line":76},"3":{"loc":{"start":{"line":76,"column":6},"end":{"line":76,"column":51}},"type":"binary-expr","locations":[{"start":{"line":76,"column":6},"end":{"line":76,"column":35}},{"start":{"line":76,"column":35},"end":{"line":76,"column":51}}],"line":76},"4":{"loc":{"start":{"line":78,"column":25},"end":{"line":78,"column":44}},"type":"binary-expr","locations":[{"start":{"line":78,"column":25},"end":{"line":78,"column":42}},{"start":{"line":78,"column":42},"end":{"line":78,"column":44}}],"line":78},"5":{"loc":{"start":{"line":78,"column":56},"end":{"line":78,"column":75}},"type":"binary-expr","locations":[{"start":{"line":78,"column":56},"end":{"line":78,"column":73}},{"start":{"line":78,"column":73},"end":{"line":78,"column":75}}],"line":78},"6":{"loc":{"start":{"line":79,"column":9},"end":{"line":79,"column":null}},"type":"binary-expr","locations":[{"start":{"line":79,"column":9},"end":{"line":79,"column":36}},{"start":{"line":79,"column":36},"end":{"line":79,"column":70}},{"start":{"line":79,"column":70},"end":{"line":79,"column":100}},{"start":{"line":79,"column":100},"end":{"line":79,"column":null}}],"line":79},"7":{"loc":{"start":{"line":93,"column":2},"end":{"line":96,"column":null}},"type":"if","locations":[{"start":{"line":93,"column":2},"end":{"line":96,"column":null}},{"start":{},"end":{}}],"line":93},"8":{"loc":{"start":{"line":97,"column":2},"end":{"line":99,"column":null}},"type":"if","locations":[{"start":{"line":97,"column":2},"end":{"line":99,"column":null}},{"start":{},"end":{}}],"line":97},"9":{"loc":{"start":{"line":101,"column":17},"end":{"line":101,"column":null}},"type":"binary-expr","locations":[{"start":{"line":101,"column":17},"end":{"line":101,"column":33}},{"start":{"line":101,"column":33},"end":{"line":101,"column":null}}],"line":101},"10":{"loc":{"start":{"line":102,"column":21},"end":{"line":102,"column":56}},"type":"binary-expr","locations":[{"start":{"line":102,"column":21},"end":{"line":102,"column":44}},{"start":{"line":102,"column":44},"end":{"line":102,"column":56}}],"line":102},"11":{"loc":{"start":{"line":111,"column":2},"end":{"line":116,"column":null}},"type":"if","locations":[{"start":{"line":111,"column":2},"end":{"line":116,"column":null}},{"start":{},"end":{}}],"line":111},"12":{"loc":{"start":{"line":120,"column":15},"end":{"line":120,"column":62}},"type":"binary-expr","locations":[{"start":{"line":120,"column":15},"end":{"line":120,"column":30}},{"start":{"line":120,"column":30},"end":{"line":120,"column":62}}],"line":120},"13":{"loc":{"start":{"line":121,"column":13},"end":{"line":121,"column":null}},"type":"binary-expr","locations":[{"start":{"line":121,"column":13},"end":{"line":121,"column":29}},{"start":{"line":121,"column":29},"end":{"line":121,"column":null}}],"line":121},"14":{"loc":{"start":{"line":141,"column":2},"end":{"line":141,"column":null}},"type":"if","locations":[{"start":{"line":141,"column":2},"end":{"line":141,"column":null}},{"start":{},"end":{}}],"line":141},"15":{"loc":{"start":{"line":142,"column":2},"end":{"line":142,"column":null}},"type":"if","locations":[{"start":{"line":142,"column":2},"end":{"line":142,"column":null}},{"start":{},"end":{}}],"line":142},"16":{"loc":{"start":{"line":148,"column":22},"end":{"line":148,"column":null}},"type":"cond-expr","locations":[{"start":{"line":148,"column":43},"end":{"line":148,"column":47}},{"start":{"line":148,"column":47},"end":{"line":148,"column":null}}],"line":148},"17":{"loc":{"start":{"line":153,"column":20},"end":{"line":153,"column":null}},"type":"cond-expr","locations":[{"start":{"line":153,"column":41},"end":{"line":153,"column":65}},{"start":{"line":153,"column":65},"end":{"line":153,"column":null}}],"line":153},"18":{"loc":{"start":{"line":166,"column":4},"end":{"line":166,"column":null}},"type":"if","locations":[{"start":{"line":166,"column":4},"end":{"line":166,"column":null}},{"start":{},"end":{}}],"line":166},"19":{"loc":{"start":{"line":166,"column":8},"end":{"line":166,"column":38}},"type":"binary-expr","locations":[{"start":{"line":166,"column":8},"end":{"line":166,"column":25}},{"start":{"line":166,"column":25},"end":{"line":166,"column":38}}],"line":166},"20":{"loc":{"start":{"line":167,"column":4},"end":{"line":169,"column":null}},"type":"if","locations":[{"start":{"line":167,"column":4},"end":{"line":169,"column":null}},{"start":{},"end":{}}],"line":167},"21":{"loc":{"start":{"line":167,"column":8},"end":{"line":167,"column":96}},"type":"binary-expr","locations":[{"start":{"line":167,"column":8},"end":{"line":167,"column":31}},{"start":{"line":167,"column":31},"end":{"line":167,"column":71}},{"start":{"line":167,"column":71},"end":{"line":167,"column":96}}],"line":167},"22":{"loc":{"start":{"line":188,"column":2},"end":{"line":188,"column":null}},"type":"if","locations":[{"start":{"line":188,"column":2},"end":{"line":188,"column":null}},{"start":{},"end":{}}],"line":188},"23":{"loc":{"start":{"line":204,"column":2},"end":{"line":204,"column":null}},"type":"if","locations":[{"start":{"line":204,"column":2},"end":{"line":204,"column":null}},{"start":{},"end":{}}],"line":204},"24":{"loc":{"start":{"line":209,"column":2},"end":{"line":209,"column":null}},"type":"if","locations":[{"start":{"line":209,"column":2},"end":{"line":209,"column":null}},{"start":{},"end":{}}],"line":209},"25":{"loc":{"start":{"line":220,"column":2},"end":{"line":220,"column":null}},"type":"if","locations":[{"start":{"line":220,"column":2},"end":{"line":220,"column":null}},{"start":{},"end":{}}],"line":220}},"s":{"0":0,"1":0,"2":0,"3":0,"4":0,"5":0,"6":0,"7":0,"8":0,"9":1,"10":1,"11":1,"12":1,"13":1,"14":1,"15":0,"16":0,"17":1,"18":0,"19":1,"20":1,"21":1,"22":1,"23":1,"24":0,"25":1,"26":0,"27":0,"28":0,"29":0,"30":0,"31":0,"32":0,"33":0,"34":0,"35":0,"36":0,"37":0,"38":0,"39":0,"40":0,"41":0,"42":0,"43":0,"44":0,"45":0,"46":0,"47":0,"48":0,"49":0,"50":0,"51":0,"52":0,"53":0,"54":0,"55":0,"56":0,"57":0,"58":0,"59":0,"60":0,"61":0,"62":0,"63":0},"f":{"0":0,"1":0,"2":0,"3":0,"4":1,"5":0,"6":0,"7":0,"8":0,"9":0},"b":{"0":[0,0],"1":[0,0],"2":[0,0],"3":[0,0],"4":[0,0],"5":[0,0],"6":[0,0,0,0],"7":[0,1],"8":[0,1],"9":[1,1],"10":[1,1],"11":[0,1],"12":[1,0],"13":[1,1],"14":[0,0],"15":[0,0],"16":[0,0],"17":[0,0],"18":[0,0],"19":[0,0],"20":[0,0],"21":[0,0,0],"22":[0,0],"23":[0,0],"24":[0,0],"25":[0,0]},"meta":{"lastBranch":26,"lastFunction":10,"lastStatement":64,"seen":{"f:43:9:43:23":0,"s:44:2:67:Infinity":0,"b:47:16:47:37:47:37:47:Infinity":0,"b:56:17:56:36:56:36:56:Infinity":1,"f:58:37:58:38":1,"s:58:51:64:6":1,"f:70:9:70:39":2,"s:71:16:71:Infinity":2,"s:72:2:72:Infinity":3,"f:75:9:75:31":3,"b:76:2:76:Infinity:undefined:undefined:undefined:undefined":2,"s:76:2:76:Infinity":4,"b:76:6:76:35:76:35:76:51":3,"s:76:51:76:Infinity":5,"s:77:16:77:Infinity":6,"s:78:15:78:Infinity":7,"b:78:25:78:42:78:42:78:44":4,"b:78:56:78:73:78:73:78:75":5,"s:79:2:79:Infinity":8,"b:79:9:79:36:79:36:79:70:79:70:79:100:79:100:79:Infinity":6,"f:82:22:82:35":4,"s:83:15:83:Infinity":9,"s:84:19:84:Infinity":10,"s:85:8:85:Infinity":11,"s:86:13:86:Infinity":12,"s:88:18:91:Infinity":13,"b:93:2:96:Infinity:undefined:undefined:undefined:undefined":7,"s:93:2:96:Infinity":14,"s:94:17:94:Infinity":15,"s:95:4:95:Infinity":16,"b:97:2:99:Infinity:undefined:undefined:undefined:undefined":8,"s:97:2:99:Infinity":17,"s:98:4:98:Infinity":18,"s:101:17:101:Infinity":19,"b:101:17:101:33:101:33:101:Infinity":9,"s:102:8:102:Infinity":20,"b:102:21:102:44:102:44:102:56":10,"s:103:2:103:Infinity":21,"s:105:17:109:Infinity":22,"b:111:2:116:Infinity:undefined:undefined:undefined:undefined":11,"s:111:2:116:Infinity":23,"s:112:4:115:Infinity":24,"s:118:2:126:Infinity":25,"b:120:15:120:30:120:30:120:62":12,"b:121:13:121:29:121:29:121:Infinity":13,"f:129:22:129:37":5,"s:130:17:139:Infinity":26,"b:141:2:141:Infinity:undefined:undefined:undefined:undefined":14,"s:141:2:141:Infinity":27,"s:141:20:141:Infinity":28,"b:142:2:142:Infinity:undefined:undefined:undefined:undefined":15,"s:142:2:142:Infinity":29,"s:142:20:142:Infinity":30,"s:143:2:143:Infinity":31,"f:146:22:146:36":6,"s:147:29:147:Infinity":32,"s:148:22:148:Infinity":33,"b:148:43:148:47:148:47:148:Infinity":16,"s:150:2:170:Infinity":34,"s:150:21:150:24":35,"s:151:26:154:Infinity":36,"b:153:41:153:65:153:65:153:Infinity":17,"s:156:19:164:Infinity":37,"b:166:4:166:Infinity:undefined:undefined:undefined:undefined":18,"s:166:4:166:Infinity":38,"b:166:8:166:25:166:25:166:38":19,"s:166:38:166:Infinity":39,"b:167:4:169:Infinity:undefined:undefined:undefined:undefined":20,"s:167:4:169:Infinity":40,"b:167:8:167:31:167:31:167:71:167:71:167:96":21,"s:168:6:168:Infinity":41,"s:172:2:172:Infinity":42,"f:175:22:175:36":7,"s:176:57:176:Infinity":43,"s:177:17:186:Infinity":44,"b:188:2:188:Infinity:undefined:undefined:undefined:undefined":22,"s:188:2:188:Infinity":45,"s:188:20:188:Infinity":46,"s:189:2:189:Infinity":47,"f:192:22:192:36":8,"s:194:2:194:Infinity":48,"s:195:2:195:Infinity":49,"s:196:2:196:Infinity":50,"s:198:17:202:Infinity":51,"b:204:2:204:Infinity:undefined:undefined:undefined:undefined":23,"s:204:2:204:Infinity":52,"s:204:20:204:Infinity":53,"s:205:2:205:Infinity":54,"f:208:22:208:37":9,"b:209:2:209:Infinity:undefined:undefined:undefined:undefined":24,"s:209:2:209:Infinity":55,"s:209:19:209:Infinity":56,"s:210:2:210:Infinity":57,"s:211:2:211:Infinity":58,"s:212:2:212:Infinity":59,"s:214:17:218:Infinity":60,"b:220:2:220:Infinity:undefined:undefined:undefined:undefined":25,"s:220:2:220:Infinity":61,"s:220:20:220:Infinity":62,"s:221:2:221:Infinity":63}}}
,"C:\\AI\\project\\package_2\\caveman\\kindergarten-management\\src\\services\\supabaseErrors.ts": {"path":"C:\\AI\\project\\package_2\\caveman\\kindergarten-management\\src\\services\\supabaseErrors.ts","statementMap":{"0":{"start":{"line":4,"column":16},"end":{"line":4,"column":null}},"1":{"start":{"line":5,"column":2},"end":{"line":5,"column":null}},"2":{"start":{"line":5,"column":63},"end":{"line":5,"column":null}},"3":{"start":{"line":6,"column":2},"end":{"line":6,"column":null}},"4":{"start":{"line":6,"column":69},"end":{"line":6,"column":null}},"5":{"start":{"line":7,"column":2},"end":{"line":7,"column":null}},"6":{"start":{"line":7,"column":35},"end":{"line":7,"column":null}},"7":{"start":{"line":8,"column":2},"end":{"line":8,"column":null}},"8":{"start":{"line":12,"column":2},"end":{"line":18,"column":null}},"9":{"start":{"line":13,"column":20},"end":{"line":13,"column":null}},"10":{"start":{"line":14,"column":4},"end":{"line":17,"column":null}},"11":{"start":{"line":20,"column":2},"end":{"line":23,"column":null}}},"fnMap":{"0":{"name":"mapErrorCode","decl":{"start":{"line":3,"column":9},"end":{"line":3,"column":22}},"loc":{"start":{"line":3,"column":47},"end":{"line":9,"column":null}},"line":3},"1":{"name":"toAppError","decl":{"start":{"line":11,"column":16},"end":{"line":11,"column":27}},"loc":{"start":{"line":11,"column":82},"end":{"line":24,"column":null}},"line":11}},"branchMap":{"0":{"loc":{"start":{"line":5,"column":2},"end":{"line":5,"column":null}},"type":"if","locations":[{"start":{"line":5,"column":2},"end":{"line":5,"column":null}},{"start":{},"end":{}}],"line":5},"1":{"loc":{"start":{"line":5,"column":6},"end":{"line":5,"column":63}},"type":"binary-expr","locations":[{"start":{"line":5,"column":6},"end":{"line":5,"column":37}},{"start":{"line":5,"column":37},"end":{"line":5,"column":63}}],"line":5},"2":{"loc":{"start":{"line":6,"column":2},"end":{"line":6,"column":null}},"type":"if","locations":[{"start":{"line":6,"column":2},"end":{"line":6,"column":null}},{"start":{},"end":{}}],"line":6},"3":{"loc":{"start":{"line":6,"column":6},"end":{"line":6,"column":69}},"type":"binary-expr","locations":[{"start":{"line":6,"column":6},"end":{"line":6,"column":38}},{"start":{"line":6,"column":38},"end":{"line":6,"column":69}}],"line":6},"4":{"loc":{"start":{"line":7,"column":2},"end":{"line":7,"column":null}},"type":"if","locations":[{"start":{"line":7,"column":2},"end":{"line":7,"column":null}},{"start":{},"end":{}}],"line":7},"5":{"loc":{"start":{"line":11,"column":43},"end":{"line":11,"column":82}},"type":"default-arg","locations":[{"start":{"line":11,"column":54},"end":{"line":11,"column":82}}],"line":11},"6":{"loc":{"start":{"line":12,"column":2},"end":{"line":18,"column":null}},"type":"if","locations":[{"start":{"line":12,"column":2},"end":{"line":18,"column":null}},{"start":{},"end":{}}],"line":12},"7":{"loc":{"start":{"line":12,"column":6},"end":{"line":12,"column":73}},"type":"binary-expr","locations":[{"start":{"line":12,"column":6},"end":{"line":12,"column":35}},{"start":{"line":12,"column":35},"end":{"line":12,"column":53}},{"start":{"line":12,"column":53},"end":{"line":12,"column":73}}],"line":12},"8":{"loc":{"start":{"line":13,"column":28},"end":{"line":13,"column":79}},"type":"binary-expr","locations":[{"start":{"line":13,"column":28},"end":{"line":13,"column":71}},{"start":{"line":13,"column":71},"end":{"line":13,"column":79}}],"line":13}},"s":{"0":0,"1":0,"2":0,"3":0,"4":0,"5":0,"6":0,"7":0,"8":0,"9":0,"10":0,"11":0},"f":{"0":0,"1":0},"b":{"0":[0,0],"1":[0,0],"2":[0,0],"3":[0,0],"4":[0,0],"5":[0],"6":[0,0],"7":[0,0,0],"8":[0,0]},"meta":{"lastBranch":9,"lastFunction":2,"lastStatement":12,"seen":{"f:3:9:3:22":0,"s:4:16:4:Infinity":0,"b:5:2:5:Infinity:undefined:undefined:undefined:undefined":0,"s:5:2:5:Infinity":1,"b:5:6:5:37:5:37:5:63":1,"s:5:63:5:Infinity":2,"b:6:2:6:Infinity:undefined:undefined:undefined:undefined":2,"s:6:2:6:Infinity":3,"b:6:6:6:38:6:38:6:69":3,"s:6:69:6:Infinity":4,"b:7:2:7:Infinity:undefined:undefined:undefined:undefined":4,"s:7:2:7:Infinity":5,"s:7:35:7:Infinity":6,"s:8:2:8:Infinity":7,"f:11:16:11:27":1,"b:11:54:11:82":5,"b:12:2:18:Infinity:undefined:undefined:undefined:undefined":6,"s:12:2:18:Infinity":8,"b:12:6:12:35:12:35:12:53:12:53:12:73":7,"s:13:20:13:Infinity":9,"b:13:28:13:71:13:71:13:79":8,"s:14:4:17:Infinity":10,"s:20:2:23:Infinity":11}}}
,"C:\\AI\\project\\package_2\\caveman\\kindergarten-management\\src\\utils\\exportCsv.ts": {"path":"C:\\AI\\project\\package_2\\caveman\\kindergarten-management\\src\\utils\\exportCsv.ts","statementMap":{"0":{"start":{"line":17,"column":2},"end":{"line":17,"column":null}},"1":{"start":{"line":17,"column":25},"end":{"line":17,"column":null}},"2":{"start":{"line":20,"column":17},"end":{"line":20,"column":null}},"3":{"start":{"line":20,"column":38},"end":{"line":20,"column":59}},"4":{"start":{"line":23,"column":15},"end":{"line":33,"column":null}},"5":{"start":{"line":24,"column":4},"end":{"line":32,"column":null}},"6":{"start":{"line":26,"column":8},"end":{"line":28,"column":null}},"7":{"start":{"line":27,"column":10},"end":{"line":27,"column":null}},"8":{"start":{"line":29,"column":23},"end":{"line":29,"column":null}},"9":{"start":{"line":30,"column":8},"end":{"line":30,"column":null}},"10":{"start":{"line":36,"column":14},"end":{"line":36,"column":null}},"11":{"start":{"line":37,"column":21},"end":{"line":37,"column":null}},"12":{"start":{"line":40,"column":15},"end":{"line":40,"column":null}},"13":{"start":{"line":41,"column":14},"end":{"line":41,"column":null}},"14":{"start":{"line":42,"column":15},"end":{"line":42,"column":null}},"15":{"start":{"line":43,"column":2},"end":{"line":43,"column":null}},"16":{"start":{"line":44,"column":2},"end":{"line":44,"column":null}},"17":{"start":{"line":45,"column":2},"end":{"line":45,"column":null}},"18":{"start":{"line":46,"column":2},"end":{"line":46,"column":null}},"19":{"start":{"line":47,"column":2},"end":{"line":47,"column":null}},"20":{"start":{"line":48,"column":2},"end":{"line":48,"column":null}},"21":{"start":{"line":53,"column":2},"end":{"line":55,"column":null}},"22":{"start":{"line":54,"column":4},"end":{"line":54,"column":null}},"23":{"start":{"line":56,"column":2},"end":{"line":56,"column":null}}},"fnMap":{"0":{"name":"exportToCsv","decl":{"start":{"line":12,"column":16},"end":{"line":12,"column":null}},"loc":{"start":{"line":16,"column":8},"end":{"line":49,"column":null}},"line":16},"1":{"name":"(anonymous_1)","decl":{"start":{"line":20,"column":29},"end":{"line":20,"column":30}},"loc":{"start":{"line":20,"column":38},"end":{"line":20,"column":59}},"line":20},"2":{"name":"(anonymous_2)","decl":{"start":{"line":23,"column":24},"end":{"line":23,"column":25}},"loc":{"start":{"line":24,"column":4},"end":{"line":32,"column":null}},"line":24},"3":{"name":"(anonymous_3)","decl":{"start":{"line":25,"column":11},"end":{"line":25,"column":12}},"loc":{"start":{"line":25,"column":20},"end":{"line":31,"column":7}},"line":25},"4":{"name":"escapeCell","decl":{"start":{"line":51,"column":9},"end":{"line":51,"column":20}},"loc":{"start":{"line":51,"column":43},"end":{"line":57,"column":null}},"line":51}},"branchMap":{"0":{"loc":{"start":{"line":17,"column":2},"end":{"line":17,"column":null}},"type":"if","locations":[{"start":{"line":17,"column":2},"end":{"line":17,"column":null}},{"start":{},"end":{}}],"line":17},"1":{"loc":{"start":{"line":26,"column":8},"end":{"line":28,"column":null}},"type":"if","locations":[{"start":{"line":26,"column":8},"end":{"line":28,"column":null}},{"start":{},"end":{}}],"line":26},"2":{"loc":{"start":{"line":30,"column":33},"end":{"line":30,"column":44}},"type":"binary-expr","locations":[{"start":{"line":30,"column":33},"end":{"line":30,"column":42}},{"start":{"line":30,"column":42},"end":{"line":30,"column":44}}],"line":30},"3":{"loc":{"start":{"line":44,"column":18},"end":{"line":44,"column":null}},"type":"cond-expr","locations":[{"start":{"line":44,"column":46},"end":{"line":44,"column":57}},{"start":{"line":44,"column":57},"end":{"line":44,"column":null}}],"line":44},"4":{"loc":{"start":{"line":53,"column":2},"end":{"line":55,"column":null}},"type":"if","locations":[{"start":{"line":53,"column":2},"end":{"line":55,"column":null}},{"start":{},"end":{}}],"line":53},"5":{"loc":{"start":{"line":53,"column":6},"end":{"line":53,"column":74}},"type":"binary-expr","locations":[{"start":{"line":53,"column":6},"end":{"line":53,"column":29}},{"start":{"line":53,"column":29},"end":{"line":53,"column":53}},{"start":{"line":53,"column":53},"end":{"line":53,"column":74}}],"line":53}},"s":{"0":3,"1":1,"2":2,"3":4,"4":2,"5":2,"6":4,"7":1,"8":3,"9":3,"10":2,"11":2,"12":2,"13":2,"14":2,"15":2,"16":2,"17":3,"18":3,"19":3,"20":3,"21":8,"22":0,"23":8},"f":{"0":3,"1":4,"2":2,"3":4,"4":8},"b":{"0":[1,2],"1":[1,3],"2":[3,0],"3":[0,2],"4":[0,8],"5":[8,8,8]},"meta":{"lastBranch":6,"lastFunction":5,"lastStatement":24,"seen":{"f:12:16:12:Infinity":0,"b:17:2:17:Infinity:undefined:undefined:undefined:undefined":0,"s:17:2:17:Infinity":0,"s:17:25:17:Infinity":1,"s:20:17:20:Infinity":2,"f:20:29:20:30":1,"s:20:38:20:59":3,"s:23:15:33:Infinity":4,"f:23:24:23:25":2,"s:24:4:32:Infinity":5,"f:25:11:25:12":3,"b:26:8:28:Infinity:undefined:undefined:undefined:undefined":1,"s:26:8:28:Infinity":6,"s:27:10:27:Infinity":7,"s:29:23:29:Infinity":8,"s:30:8:30:Infinity":9,"b:30:33:30:42:30:42:30:44":2,"s:36:14:36:Infinity":10,"s:37:21:37:Infinity":11,"s:40:15:40:Infinity":12,"s:41:14:41:Infinity":13,"s:42:15:42:Infinity":14,"s:43:2:43:Infinity":15,"s:44:2:44:Infinity":16,"b:44:46:44:57:44:57:44:Infinity":3,"s:45:2:45:Infinity":17,"s:46:2:46:Infinity":18,"s:47:2:47:Infinity":19,"s:48:2:48:Infinity":20,"f:51:9:51:20":4,"b:53:2:55:Infinity:undefined:undefined:undefined:undefined":4,"s:53:2:55:Infinity":21,"b:53:6:53:29:53:29:53:53:53:53:53:74":5,"s:54:4:54:Infinity":22,"s:56:2:56:Infinity":23}}}
,"C:\\AI\\project\\package_2\\caveman\\kindergarten-management\\src\\utils\\printReceipt.ts": {"path":"C:\\AI\\project\\package_2\\caveman\\kindergarten-management\\src\\utils\\printReceipt.ts","statementMap":{"0":{"start":{"line":19,"column":23},"end":{"line":20,"column":null}},"1":{"start":{"line":20,"column":2},"end":{"line":20,"column":null}},"2":{"start":{"line":22,"column":19},"end":{"line":29,"column":null}},"3":{"start":{"line":23,"column":2},"end":{"line":23,"column":null}},"4":{"start":{"line":23,"column":16},"end":{"line":23,"column":null}},"5":{"start":{"line":24,"column":2},"end":{"line":28,"column":null}},"6":{"start":{"line":31,"column":51},"end":{"line":34,"column":null}},"7":{"start":{"line":37,"column":15},"end":{"line":177,"column":null}},"8":{"start":{"line":183,"column":22},"end":{"line":183,"column":null}},"9":{"start":{"line":184,"column":2},"end":{"line":187,"column":null}},"10":{"start":{"line":185,"column":4},"end":{"line":185,"column":null}},"11":{"start":{"line":186,"column":4},"end":{"line":186,"column":null}},"12":{"start":{"line":191,"column":14},"end":{"line":191,"column":null}},"13":{"start":{"line":192,"column":2},"end":{"line":192,"column":null}},"14":{"start":{"line":193,"column":2},"end":{"line":193,"column":null}}},"fnMap":{"0":{"name":"(anonymous_0)","decl":{"start":{"line":19,"column":23},"end":{"line":19,"column":24}},"loc":{"start":{"line":20,"column":2},"end":{"line":20,"column":null}},"line":20},"1":{"name":"(anonymous_1)","decl":{"start":{"line":22,"column":19},"end":{"line":22,"column":20}},"loc":{"start":{"line":22,"column":55},"end":{"line":29,"column":null}},"line":22},"2":{"name":"printReceipt","decl":{"start":{"line":36,"column":16},"end":{"line":36,"column":29}},"loc":{"start":{"line":36,"column":54},"end":{"line":188,"column":null}},"line":36},"3":{"name":"escapeHtml","decl":{"start":{"line":190,"column":9},"end":{"line":190,"column":20}},"loc":{"start":{"line":190,"column":42},"end":{"line":194,"column":null}},"line":190}},"branchMap":{"0":{"loc":{"start":{"line":23,"column":2},"end":{"line":23,"column":null}},"type":"if","locations":[{"start":{"line":23,"column":2},"end":{"line":23,"column":null}},{"start":{},"end":{}}],"line":23},"1":{"loc":{"start":{"line":146,"column":12},"end":{"line":146,"column":52}},"type":"cond-expr","locations":[{"start":{"line":146,"column":25},"end":{"line":146,"column":49}},{"start":{"line":146,"column":49},"end":{"line":146,"column":52}}],"line":146},"2":{"loc":{"start":{"line":158,"column":12},"end":{"line":158,"column":63}},"type":"binary-expr","locations":[{"start":{"line":158,"column":12},"end":{"line":158,"column":60}},{"start":{"line":158,"column":60},"end":{"line":158,"column":63}}],"line":158},"3":{"loc":{"start":{"line":158,"column":31},"end":{"line":158,"column":55}},"type":"binary-expr","locations":[{"start":{"line":158,"column":31},"end":{"line":158,"column":53}},{"start":{"line":158,"column":53},"end":{"line":158,"column":55}}],"line":158},"4":{"loc":{"start":{"line":184,"column":2},"end":{"line":187,"column":null}},"type":"if","locations":[{"start":{"line":184,"column":2},"end":{"line":187,"column":null}},{"start":{},"end":{}}],"line":184}},"s":{"0":1,"1":4,"2":1,"3":2,"4":1,"5":1,"6":1,"7":2,"8":2,"9":2,"10":2,"11":2,"12":12,"13":12,"14":12},"f":{"0":4,"1":2,"2":2,"3":12},"b":{"0":[1,1],"1":[1,1],"2":[2,1],"3":[2,1],"4":[2,0]},"meta":{"lastBranch":5,"lastFunction":4,"lastStatement":15,"seen":{"s:19:23:20:Infinity":0,"f:19:23:19:24":0,"s:20:2:20:Infinity":1,"s:22:19:29:Infinity":2,"f:22:19:22:20":1,"b:23:2:23:Infinity:undefined:undefined:undefined:undefined":0,"s:23:2:23:Infinity":3,"s:23:16:23:Infinity":4,"s:24:2:28:Infinity":5,"s:31:51:34:Infinity":6,"f:36:16:36:29":2,"s:37:15:177:Infinity":7,"b:146:25:146:49:146:49:146:52":1,"b:158:12:158:60:158:60:158:63":2,"b:158:31:158:53:158:53:158:55":3,"s:183:22:183:Infinity":8,"b:184:2:187:Infinity:undefined:undefined:undefined:undefined":4,"s:184:2:187:Infinity":9,"s:185:4:185:Infinity":10,"s:186:4:186:Infinity":11,"f:190:9:190:20":3,"s:191:14:191:Infinity":12,"s:192:2:192:Infinity":13,"s:193:2:193:Infinity":14}}}
}
